<?xml version="1.0" encoding="UTF-8"?>
<testsuite xmlns:xsi="http://www.w3.org/2001/XMLSchema-instance" xsi:noNamespaceSchemaLocation="https://maven.apache.org/surefire/maven-surefire-plugin/xsd/surefire-test-report-3.0.xsd" version="3.0" name="runner.testRunner" time="7.293" tests="1" errors="0" skipped="0" failures="0">
  <properties>
[...]
</properties>
  <testcase name="runScenario[&quot;Verify if user navigate to correct page and click login&quot;, &quot;Optional[Check user redirect]&quot;](1)" classname="runner.testRunner" time="4.306">
    <system-out><![CDATA[
@master
Scenario Outline: Verify if user navigate to correct page and click login &amp#27;[90m# src/main/resources/testSteps.feature:11&amp#27;[0m
  &amp#27;[32mGiven &amp#27;[0m&amp#27;[32mUser navigate to url&amp#27;[0m                                              &amp#27;[90m# stepDefinitions.landingPageSteps.userNavUrl()&amp#27;[0m
  &amp#27;[32mWhen &amp#27;[0m&amp#27;[32mUser enter &amp#27;[0m&amp#27;[32m&amp#27;[1m"admin"&amp#27;[0m&amp#27;[32m and &amp#27;[0m&amp#27;[32m&amp#27;[1m"admin@123"&amp#27;[0m                                 &amp#27;[90m# stepDefinitions.landingPageSteps.userEnterCredentials(java.lang.String,java.lang.String)&amp#27;[0m
  &amp#27;[32mThen &amp#27;[0m&amp#27;[32mUser click login&amp#27;[0m                                                   &amp#27;[90m# stepDefinitions.landingPageSteps.clkLogin()&amp#27;[0m
  &amp#27;[32mThen &amp#27;[0m&amp#27;[32mUser redirected to loggedIn Page&amp#27;[0m                                   &amp#27;[90m# stepDefinitions.landingPageSteps.userLoggedIn()&amp#27;[0m
]]></system-out>
    <system-err><![CDATA[SLF4J: Failed to load class "org.slf4j.impl.StaticLoggerBinder".
SLF4J: Defaulting to no-operation (NOP) logger implementation
SLF4J: See http://www.slf4j.org/codes.html#StaticLoggerBinder for further details.
Starting ChromeDriver 101.0.4951.41 (93c720db8323b3ec10d056025ab95c23a31997c9-refs/branch-heads/4951@{#904}) on port 64649
Only local connections are allowed.
Please see https://chromedriver.chromium.org/security-considerations for suggestions on keeping ChromeDriver safe.
ChromeDriver was started successfully.
May 11, 2022 1:24:33 PM org.openqa.selenium.remote.ProtocolHandshake createSession
INFO: Detected dialect: W3C
May 11, 2022 1:24:33 PM org.openqa.selenium.devtools.CdpVersionFinder findNearestMatch
WARNING: Unable to find an exact match for CDP version 101, so returning the closest version found: 97
May 11, 2022 1:24:33 PM org.openqa.selenium.devtools.CdpVersionFinder findNearestMatch
INFO: Found CDP implementation for version 101 of 97
]]></system-err>
  </testcase>
</testsuite>