<?xml version="1.0" encoding="UTF-8"?>
<testng-results ignored="0" total="1" passed="1" failed="0" skipped="0">
  <reporter-output>
  </reporter-output>
  <suite started-at="2022-05-11T13:24:31 IST" name="Surefire suite" finished-at="2022-05-11T13:24:38 IST" duration-ms="6993">
    <groups>
      <group name="cucumber">
        <method signature="AbstractTestNGCucumberTests.runScenario(io.cucumber.testng.PickleWrapper,io.cucumber.testng.FeatureWrapper)[pri:0, instance:runner.testRunner@37858383]" name="runScenario" class="io.cucumber.testng.AbstractTestNGCucumberTests"/>
      </group> <!-- cucumber -->
    </groups>
    <test started-at="2022-05-11T13:24:31 IST" name="Surefire test" finished-at="2022-05-11T13:24:38 IST" duration-ms="6993">
      <class name="runner.testRunner">
        <test-method is-config="true" signature="setUpClass()[pri:0, instance:runner.testRunner@37858383]" started-at="2022-05-11T13:24:31 IST" name="setUpClass" finished-at="2022-05-11T13:24:32 IST" duration-ms="242" status="PASS">
          <reporter-output>
          </reporter-output>
        </test-method> <!-- setUpClass -->
        <test-method is-config="true" signature="setUppDriver()[pri:0, instance:runner.testRunner@37858383]" started-at="2022-05-11T13:24:32 IST" name="setUppDriver" finished-at="2022-05-11T13:24:33 IST" duration-ms="1780" status="PASS">
          <reporter-output>
          </reporter-output>
        </test-method> <!-- setUppDriver -->
        <test-method signature="runScenario(io.cucumber.testng.PickleWrapper,io.cucumber.testng.FeatureWrapper)[pri:0, instance:runner.testRunner@37858383]" started-at="2022-05-11T13:24:33 IST" name="runScenario" description="Runs Cucumber Scenarios" data-provider="scenarios" finished-at="2022-05-11T13:24:38 IST" duration-ms="4305" status="PASS">
          <params>
            <param index="0">
              <value>
                <![CDATA["Verify if user navigate to correct page and click login"]]>
              </value>
            </param>
            <param index="1">
              <value>
                <![CDATA["Optional[Check user redirect]"]]>
              </value>
            </param>
          </params>
          <reporter-output>
          </reporter-output>
        </test-method> <!-- runScenario -->
        <test-method is-config="true" signature="tearDown()[pri:0, instance:runner.testRunner@37858383]" started-at="2022-05-11T13:24:38 IST" name="tearDown" finished-at="2022-05-11T13:24:38 IST" duration-ms="592" status="PASS">
          <reporter-output>
          </reporter-output>
        </test-method> <!-- tearDown -->
        <test-method is-config="true" signature="tearDownClass()[pri:0, instance:runner.testRunner@37858383]" started-at="2022-05-11T13:24:38 IST" name="tearDownClass" finished-at="2022-05-11T13:24:38 IST" duration-ms="49" status="PASS">
          <reporter-output>
          </reporter-output>
        </test-method> <!-- tearDownClass -->
      </class> <!-- runner.testRunner -->
    </test> <!-- Surefire test -->
  </suite> <!-- Surefire suite -->
</testng-results>
